<?xml version="1.0" encoding="UTF-8"?>
<!-- Generated by org.testng.reporters.JUnitReportReporter -->
<testsuite hostname="DESKTOP-D92OTBQ" failures="0" tests="1" name="MyntraTC.VerifyMenBtn" time="69.023" errors="0" timestamp="2023-05-25T09:47:56 IST" skipped="0">
  <testcase classname="MyntraTC.VerifyMenBtn" name="verifyMenBtnFun" time="69.023"/>
  <system-out/>
</testsuite> <!-- MyntraTC.VerifyMenBtn -->
